        -:    0:Source:dominion.c
        -:    0:Graph:dominion.gcno
        -:    0:Data:dominion.gcda
        -:    0:Runs:3
        -:    0:Programs:1
        -:    1:#include "dominion.h"
        -:    2:#include "dominion_helpers.h"
        -:    3:#include "rngs.h"
        -:    4:#include <stdio.h>
        -:    5:#include <math.h>
        -:    6:#include <stdlib.h>
        -:    7:
function compare called 168000 returned 100% blocks executed 85%
        -:    8:int compare(const void* a, const void* b) {
   168000:    9:  if (*(int*)a > *(int*)b)
branch  0 taken 0%
branch  1 taken 100%
    #####:   10:    return 1;
   168000:   11:  if (*(int*)a < *(int*)b)
branch  0 taken 36%
branch  1 taken 64%
    60000:   12:    return -1;
   108000:   13:  return 0;
   168000:   14:}
        -:   15:
function newGame called 0 returned 0% blocks executed 0%
        -:   16:struct gameState* newGame() {
    #####:   17:  struct gameState* g = malloc(sizeof(struct gameState));
    #####:   18:  return g;
        -:   19:}
        -:   20:
function kingdomCards called 0 returned 0% blocks executed 0%
        -:   21:int* kingdomCards(int k1, int k2, int k3, int k4, int k5, int k6, int k7,
        -:   22:		  int k8, int k9, int k10) {
    #####:   23:  int* k = malloc(10 * sizeof(int));
    #####:   24:  k[0] = k1;
    #####:   25:  k[1] = k2;
    #####:   26:  k[2] = k3;
    #####:   27:  k[3] = k4;
    #####:   28:  k[4] = k5;
    #####:   29:  k[5] = k6;
    #####:   30:  k[6] = k7;
    #####:   31:  k[7] = k8;
    #####:   32:  k[8] = k9;
    #####:   33:  k[9] = k10;
    #####:   34:  return k;
        -:   35:}
        -:   36:
function initializeGame called 6000 returned 100% blocks executed 83%
        -:   37:int initializeGame(int numPlayers, int kingdomCards[10], int randomSeed,
        -:   38:		   struct gameState *state) {
        -:   39:
        -:   40:  int i;
        -:   41:  int j;
        -:   42:  int it;			
        -:   43:  //set up random number generator
     6000:   44:  SelectStream(1);
     6000:   45:  PutSeed((long)randomSeed);
        -:   46:  
        -:   47:  //check number of players
    12000:   48:  if (numPlayers > MAX_PLAYERS || numPlayers < 2)
branch  0 taken 100%
branch  1 taken 0%
branch  2 taken 0%
branch  3 taken 100%
        -:   49:    {
    #####:   50:      return -1;
        -:   51:    }
        -:   52:
        -:   53:  //set number of players
     6000:   54:  state->numPlayers = numPlayers;
        -:   55:
        -:   56:  //check selected kingdom cards are different
   132000:   57:  for (i = 0; i < 10; i++)
branch  0 taken 91%
branch  1 taken 9%
        -:   58:    {
  1320000:   59:      for (j = 0; j < 10; j++)
branch  0 taken 91%
branch  1 taken 9%
        -:   60:        {
  1140000:   61:	  if (j != i && kingdomCards[j] == kingdomCards[i])
branch  0 taken 90%
branch  1 taken 10%
branch  2 taken 0%
branch  3 taken 100%
        -:   62:	    {
    #####:   63:	      return -1;
        -:   64:	    }
   600000:   65:        }
    60000:   66:    }
        -:   67:
        -:   68:
        -:   69:  //initialize supply
        -:   70:  ///////////////////////////////
        -:   71:
        -:   72:  //set number of Curse cards
     6000:   73:  if (numPlayers == 2)
branch  0 taken 100%
branch  1 taken 0%
        -:   74:    {
     6000:   75:      state->supplyCount[curse] = 10;
     6000:   76:    }
    #####:   77:  else if (numPlayers == 3)
branch  0 never executed
branch  1 never executed
        -:   78:    {
    #####:   79:      state->supplyCount[curse] = 20;
    #####:   80:    }
        -:   81:  else
        -:   82:    {
    #####:   83:      state->supplyCount[curse] = 30;
        -:   84:    }
        -:   85:
        -:   86:  //set number of Victory cards
     6000:   87:  if (numPlayers == 2)
branch  0 taken 100%
branch  1 taken 0%
        -:   88:    {
     6000:   89:      state->supplyCount[estate] = 8;
     6000:   90:      state->supplyCount[duchy] = 8;
     6000:   91:      state->supplyCount[province] = 8;
     6000:   92:    }
        -:   93:  else
        -:   94:    {
    #####:   95:      state->supplyCount[estate] = 12;
    #####:   96:      state->supplyCount[duchy] = 12;
    #####:   97:      state->supplyCount[province] = 12;
        -:   98:    }
        -:   99:
        -:  100:  //set number of Treasure cards
     6000:  101:  state->supplyCount[copper] = 60 - (7 * numPlayers);
     6000:  102:  state->supplyCount[silver] = 40;
     6000:  103:  state->supplyCount[gold] = 30;
        -:  104:
        -:  105:  //set number of Kingdom cards
   252000:  106:  for (i = adventurer; i <= treasure_map; i++)       	//loop all cards
branch  0 taken 95%
branch  1 taken 5%
        -:  107:    {
  1980000:  108:      for (j = 0; j < 10; j++)           		//loop chosen cards
branch  0 taken 94%
branch  1 taken 6%
        -:  109:	{
   930000:  110:	  if (kingdomCards[j] == i)
branch  0 taken 6%
branch  1 taken 94%
        -:  111:	    {
        -:  112:	      //check if card is a 'Victory' Kingdom card
   120000:  113:	      if (kingdomCards[j] == great_hall || kingdomCards[j] == gardens)
branch  0 taken 100%
branch  1 taken 0%
branch  2 taken 0%
branch  3 taken 100%
        -:  114:		{
    #####:  115:		  if (numPlayers == 2){ 
branch  0 never executed
branch  1 never executed
    #####:  116:		    state->supplyCount[i] = 8; 
    #####:  117:		  }
    #####:  118:		  else{ state->supplyCount[i] = 12; }
    #####:  119:		}
        -:  120:	      else
        -:  121:		{
    60000:  122:		  state->supplyCount[i] = 10;
        -:  123:		}
    60000:  124:	      break;
        -:  125:	    }
        -:  126:	  else    //card is not in the set choosen for the game
        -:  127:	    {
   870000:  128:	      state->supplyCount[i] = -1;
        -:  129:	    }
   870000:  130:	}
        -:  131:
   120000:  132:    }
        -:  133:
        -:  134:  ////////////////////////
        -:  135:  //supply intilization complete
        -:  136:
        -:  137:  //set player decks
    36000:  138:  for (i = 0; i < numPlayers; i++)
branch  0 taken 67%
branch  1 taken 33%
        -:  139:    {
    12000:  140:      state->deckCount[i] = 0;
    96000:  141:      for (j = 0; j < 3; j++)
branch  0 taken 75%
branch  1 taken 25%
        -:  142:	{
    36000:  143:	  state->deck[i][j] = estate;
    36000:  144:	  state->deckCount[i]++;
    36000:  145:	}
   192000:  146:      for (j = 3; j < 10; j++)
branch  0 taken 88%
branch  1 taken 13%
        -:  147:	{
    84000:  148:	  state->deck[i][j] = copper;
    84000:  149:	  state->deckCount[i]++;		
    84000:  150:	}
    12000:  151:    }
        -:  152:
        -:  153:  //shuffle player decks
    36000:  154:  for (i = 0; i < numPlayers; i++)
branch  0 taken 67%
branch  1 taken 33%
        -:  155:    {
    12000:  156:      if ( shuffle(i, state) < 0 )
branch  0 taken 0%
branch  1 taken 100%
        -:  157:	{
    #####:  158:	  return -1;
        -:  159:	}
    12000:  160:    }
        -:  161:
        -:  162:  //draw player hands
    36000:  163:  for (i = 0; i < numPlayers; i++)
branch  0 taken 67%
branch  1 taken 33%
        -:  164:    {  
        -:  165:      //initialize hand size to zero
    12000:  166:      state->handCount[i] = 0;
    12000:  167:      state->discardCount[i] = 0;
        -:  168:      //draw 5 cards
        -:  169:      // for (j = 0; j < 5; j++)
        -:  170:      //	{
        -:  171:      //	  drawCard(i, state);
        -:  172:      //	}
    12000:  173:    }
        -:  174:  
        -:  175:  //set embargo tokens to 0 for all supply piles
   336000:  176:  for (i = 0; i <= treasure_map; i++)
branch  0 taken 96%
branch  1 taken 4%
        -:  177:    {
   162000:  178:      state->embargoTokens[i] = 0;
   162000:  179:    }
        -:  180:
        -:  181:  //initialize first player's turn
     6000:  182:  state->outpostPlayed = 0;
     6000:  183:  state->phase = 0;
     6000:  184:  state->numActions = 1;
     6000:  185:  state->numBuys = 1;
     6000:  186:  state->playedCardCount = 0;
     6000:  187:  state->whoseTurn = 0;
     6000:  188:  state->handCount[state->whoseTurn] = 0;
        -:  189:  //int it; move to top
        -:  190:
        -:  191:  //Moved draw cards to here, only drawing at the start of a turn
    72000:  192:  for (it = 0; it < 5; it++){
branch  0 taken 83%
branch  1 taken 17%
    30000:  193:    drawCard(state->whoseTurn, state);
    30000:  194:  }
        -:  195:
     6000:  196:  updateCoins(state->whoseTurn, state, 0);
        -:  197:
     6000:  198:  return 0;
     6000:  199:}
        -:  200:
function shuffle called 12000 returned 100% blocks executed 93%
        -:  201:int shuffle(int player, struct gameState *state) {
        -:  202: 
        -:  203:
        -:  204:  int newDeck[MAX_DECK];
    12000:  205:  int newDeckPos = 0;
        -:  206:  int card;
        -:  207:  int i;
        -:  208:
    12000:  209:  if (state->deckCount[player] < 1)
branch  0 taken 0%
branch  1 taken 100%
    #####:  210:    return -1;
    12000:  211:  qsort ((void*)(state->deck[player]), state->deckCount[player], sizeof(int), compare); 
        -:  212:  /* SORT CARDS IN DECK TO ENSURE DETERMINISM! */
        -:  213:
   264000:  214:  while (state->deckCount[player] > 0) {
branch  0 taken 91%
branch  1 taken 9%
   120000:  215:    card = floor(Random() * state->deckCount[player]);
   120000:  216:    newDeck[newDeckPos] = state->deck[player][card];
   120000:  217:    newDeckPos++;
   840000:  218:    for (i = card; i < state->deckCount[player]-1; i++) {
branch  0 taken 71%
branch  1 taken 29%
   300000:  219:      state->deck[player][i] = state->deck[player][i+1];
   300000:  220:    }
   120000:  221:    state->deckCount[player]--;
        -:  222:  }
   264000:  223:  for (i = 0; i < newDeckPos; i++) {
branch  0 taken 91%
branch  1 taken 9%
   120000:  224:    state->deck[player][i] = newDeck[i];
   120000:  225:    state->deckCount[player]++;
   120000:  226:  }
        -:  227:
    12000:  228:  return 0;
    12000:  229:}
        -:  230:
function playCard called 0 returned 0% blocks executed 0%
        -:  231:int playCard(int handPos, int choice1, int choice2, int choice3, struct gameState *state) 
        -:  232:{	
        -:  233:  int card;
    #####:  234:  int coin_bonus = 0; 		//tracks coins gain from actions
        -:  235:
        -:  236:  //check if it is the right phase
    #####:  237:  if (state->phase != 0)
branch  0 never executed
branch  1 never executed
        -:  238:    {
    #####:  239:      return -1;
        -:  240:    }
        -:  241:	
        -:  242:  //check if player has enough actions
    #####:  243:  if ( state->numActions < 1 )
branch  0 never executed
branch  1 never executed
        -:  244:    {
    #####:  245:      return -1;
        -:  246:    }
        -:  247:	
        -:  248:  //get card played
    #####:  249:  card = handCard(handPos, state);
        -:  250:	
        -:  251:  //check if selected card is an action
    #####:  252:  if ( card < adventurer || card > treasure_map )
branch  0 never executed
branch  1 never executed
branch  2 never executed
branch  3 never executed
        -:  253:    {
    #####:  254:      return -1;
        -:  255:    }
        -:  256:	
        -:  257:  //play card
    #####:  258:  if ( cardEffect(card, choice1, choice2, choice3, state, handPos, &coin_bonus) < 0 )
branch  0 never executed
branch  1 never executed
        -:  259:    {
    #####:  260:      return -1;
        -:  261:    }
        -:  262:	
        -:  263:  //reduce number of actions
    #####:  264:  state->numActions--;
        -:  265:
        -:  266:  //update coins (Treasure cards may be added with card draws)
    #####:  267:  updateCoins(state->whoseTurn, state, coin_bonus);
        -:  268:	
    #####:  269:  return 0;
    #####:  270:}
        -:  271:
function buyCard called 0 returned 0% blocks executed 0%
        -:  272:int buyCard(int supplyPos, struct gameState *state) {
        -:  273:  int who;
        -:  274:  if (DEBUG){
        -:  275:    printf("Entering buyCard...\n");
        -:  276:  }
        -:  277:
        -:  278:  // I don't know what to do about the phase thing.
        -:  279:
    #####:  280:  who = state->whoseTurn;
        -:  281:
    #####:  282:  if (state->numBuys < 1){
branch  0 never executed
branch  1 never executed
        -:  283:    if (DEBUG)
        -:  284:      printf("You do not have any buys left\n");
    #####:  285:    return -1;
    #####:  286:  } else if (supplyCount(supplyPos, state) <1){
branch  0 never executed
branch  1 never executed
        -:  287:    if (DEBUG)
        -:  288:      printf("There are not any of that type of card left\n");
    #####:  289:    return -1;
    #####:  290:  } else if (state->coins < getCost(supplyPos)){
branch  0 never executed
branch  1 never executed
        -:  291:    if (DEBUG) 
        -:  292:      printf("You do not have enough money to buy that. You have %d coins.\n", state->coins);
    #####:  293:    return -1;
        -:  294:  } else {
    #####:  295:    state->phase=1;
        -:  296:    //state->supplyCount[supplyPos]--;
    #####:  297:    gainCard(supplyPos, state, 0, who); //card goes in discard, this might be wrong.. (2 means goes into hand, 0 goes into discard)
        -:  298:  
    #####:  299:    state->coins = (state->coins) - (getCost(supplyPos));
    #####:  300:    state->numBuys--;
        -:  301:    if (DEBUG)
        -:  302:      printf("You bought card number %d for %d coins. You now have %d buys and %d coins.\n", supplyPos, getCost(supplyPos), state->numBuys, state->coins);
        -:  303:  }
        -:  304:
        -:  305:  //state->discard[who][state->discardCount[who]] = supplyPos;
        -:  306:  //state->discardCount[who]++;
        -:  307:    
    #####:  308:  return 0;
    #####:  309:}
        -:  310:
function numHandCards called 0 returned 0% blocks executed 0%
        -:  311:int numHandCards(struct gameState *state) {
    #####:  312:  return state->handCount[ whoseTurn(state) ];
        -:  313:}
        -:  314:
function handCard called 0 returned 0% blocks executed 0%
        -:  315:int handCard(int handPos, struct gameState *state) {
    #####:  316:  int currentPlayer = whoseTurn(state);
    #####:  317:  return state->hand[currentPlayer][handPos];
        -:  318:}
        -:  319:
function supplyCount called 204000 returned 100% blocks executed 100%
        -:  320:int supplyCount(int card, struct gameState *state) {
   204000:  321:  return state->supplyCount[card];
        -:  322:}
        -:  323:
function fullDeckCount called 0 returned 0% blocks executed 0%
        -:  324:int fullDeckCount(int player, int card, struct gameState *state) {
        -:  325:  int i;
    #####:  326:  int count = 0;
        -:  327:
    #####:  328:  for (i = 0; i < state->deckCount[player]; i++)
branch  0 never executed
branch  1 never executed
        -:  329:    {
    #####:  330:      if (state->deck[player][i] == card) count++;
branch  0 never executed
branch  1 never executed
    #####:  331:    }
        -:  332:
    #####:  333:  for (i = 0; i < state->handCount[player]; i++)
branch  0 never executed
branch  1 never executed
        -:  334:    {
    #####:  335:      if (state->hand[player][i] == card) count++;
branch  0 never executed
branch  1 never executed
    #####:  336:    }
        -:  337:
    #####:  338:  for (i = 0; i < state->discardCount[player]; i++)
branch  0 never executed
branch  1 never executed
        -:  339:    {
    #####:  340:      if (state->discard[player][i] == card) count++;
branch  0 never executed
branch  1 never executed
    #####:  341:    }
        -:  342:
    #####:  343:  return count;
        -:  344:}
        -:  345:
function whoseTurn called 6000 returned 100% blocks executed 100%
        -:  346:int whoseTurn(struct gameState *state) {
     6000:  347:  return state->whoseTurn;
        -:  348:}
        -:  349:
function endTurn called 0 returned 0% blocks executed 0%
        -:  350:int endTurn(struct gameState *state) {
        -:  351:  int k;
        -:  352:  int i;
    #####:  353:  int currentPlayer = whoseTurn(state);
        -:  354:  
        -:  355:  //Discard hand
    #####:  356:  for (i = 0; i < state->handCount[currentPlayer]; i++){
branch  0 never executed
branch  1 never executed
    #####:  357:    state->discard[currentPlayer][state->discardCount[currentPlayer]++] = state->hand[currentPlayer][i];//Discard
    #####:  358:    state->hand[currentPlayer][i] = -1;//Set card to -1
    #####:  359:  }
    #####:  360:  state->handCount[currentPlayer] = 0;//Reset hand count
        -:  361:    
        -:  362:  //Code for determining the player
    #####:  363:  if (currentPlayer < (state->numPlayers - 1)){ 
branch  0 never executed
branch  1 never executed
    #####:  364:    state->whoseTurn = currentPlayer + 1;//Still safe to increment
    #####:  365:  }
        -:  366:  else{
    #####:  367:    state->whoseTurn = 0;//Max player has been reached, loop back around to player 1
        -:  368:  }
        -:  369:
    #####:  370:  state->outpostPlayed = 0;
    #####:  371:  state->phase = 0;
    #####:  372:  state->numActions = 1;
    #####:  373:  state->coins = 0;
    #####:  374:  state->numBuys = 1;
    #####:  375:  state->playedCardCount = 0;
    #####:  376:  state->handCount[state->whoseTurn] = 0;
        -:  377:
        -:  378:  //int k; move to top
        -:  379:  //Next player draws hand
    #####:  380:  for (k = 0; k < 5; k++){
branch  0 never executed
branch  1 never executed
    #####:  381:    drawCard(state->whoseTurn, state);//Draw a card
    #####:  382:  }
        -:  383:
        -:  384:  //Update money
    #####:  385:  updateCoins(state->whoseTurn, state , 0);
        -:  386:
    #####:  387:  return 0;
        -:  388:}
        -:  389:
function isGameOver called 0 returned 0% blocks executed 0%
        -:  390:int isGameOver(struct gameState *state) {
        -:  391:  int i;
        -:  392:  int j;
        -:  393:	
        -:  394:  //if stack of Province cards is empty, the game ends
    #####:  395:  if (state->supplyCount[province] == 0)
branch  0 never executed
branch  1 never executed
        -:  396:    {
    #####:  397:      return 1;
        -:  398:    }
        -:  399:
        -:  400:  //if three supply pile are at 0, the game ends
    #####:  401:  j = 0;
    #####:  402:  for (i = 0; i < 25; i++)
branch  0 never executed
branch  1 never executed
        -:  403:    {
    #####:  404:      if (state->supplyCount[i] == 0)
branch  0 never executed
branch  1 never executed
        -:  405:	{
    #####:  406:	  j++;
    #####:  407:	}
    #####:  408:    }
    #####:  409:  if ( j >= 3)
branch  0 never executed
branch  1 never executed
        -:  410:    {
    #####:  411:      return 1;
        -:  412:    }
        -:  413:
    #####:  414:  return 0;
    #####:  415:}
        -:  416:
function scoreFor called 0 returned 0% blocks executed 0%
        -:  417:int scoreFor (int player, struct gameState *state) {
        -:  418:
        -:  419:  int i;
    #####:  420:  int score = 0;
        -:  421:  //score from hand
    #####:  422:  for (i = 0; i < state->handCount[player]; i++)
branch  0 never executed
branch  1 never executed
        -:  423:    {
    #####:  424:      if (state->hand[player][i] == curse) { score = score - 1; };
branch  0 never executed
branch  1 never executed
    #####:  425:      if (state->hand[player][i] == estate) { score = score + 1; };
branch  0 never executed
branch  1 never executed
    #####:  426:      if (state->hand[player][i] == duchy) { score = score + 3; };
branch  0 never executed
branch  1 never executed
    #####:  427:      if (state->hand[player][i] == province) { score = score + 6; };
branch  0 never executed
branch  1 never executed
    #####:  428:      if (state->hand[player][i] == great_hall) { score = score + 1; };
branch  0 never executed
branch  1 never executed
    #####:  429:      if (state->hand[player][i] == gardens) { score = score + ( fullDeckCount(player, 0, state) / 10 ); };
branch  0 never executed
branch  1 never executed
    #####:  430:    }
        -:  431:
        -:  432:  //score from discard
    #####:  433:  for (i = 0; i < state->discardCount[player]; i++)
branch  0 never executed
branch  1 never executed
        -:  434:    {
    #####:  435:      if (state->discard[player][i] == curse) { score = score - 1; };
branch  0 never executed
branch  1 never executed
    #####:  436:      if (state->discard[player][i] == estate) { score = score + 1; };
branch  0 never executed
branch  1 never executed
    #####:  437:      if (state->discard[player][i] == duchy) { score = score + 3; };
branch  0 never executed
branch  1 never executed
    #####:  438:      if (state->discard[player][i] == province) { score = score + 6; };
branch  0 never executed
branch  1 never executed
    #####:  439:      if (state->discard[player][i] == great_hall) { score = score + 1; };
branch  0 never executed
branch  1 never executed
    #####:  440:      if (state->discard[player][i] == gardens) { score = score + ( fullDeckCount(player, 0, state) / 10 ); };
branch  0 never executed
branch  1 never executed
    #####:  441:    }
        -:  442:
        -:  443:  //score from deck
    #####:  444:  for (i = 0; i < state->discardCount[player]; i++)
branch  0 never executed
branch  1 never executed
        -:  445:    {
    #####:  446:      if (state->deck[player][i] == curse) { score = score - 1; };
branch  0 never executed
branch  1 never executed
    #####:  447:      if (state->deck[player][i] == estate) { score = score + 1; };
branch  0 never executed
branch  1 never executed
    #####:  448:      if (state->deck[player][i] == duchy) { score = score + 3; };
branch  0 never executed
branch  1 never executed
    #####:  449:      if (state->deck[player][i] == province) { score = score + 6; };
branch  0 never executed
branch  1 never executed
    #####:  450:      if (state->deck[player][i] == great_hall) { score = score + 1; };
branch  0 never executed
branch  1 never executed
    #####:  451:      if (state->deck[player][i] == gardens) { score = score + ( fullDeckCount(player, 0, state) / 10 ); };
branch  0 never executed
branch  1 never executed
    #####:  452:    }
        -:  453:
    #####:  454:  return score;
        -:  455:}
        -:  456:
function getWinners called 0 returned 0% blocks executed 0%
        -:  457:int getWinners(int players[MAX_PLAYERS], struct gameState *state) {
        -:  458:  int i;	
        -:  459:  int j;
        -:  460:  int highScore;
        -:  461:  int currentPlayer;
        -:  462:
        -:  463:  //get score for each player
    #####:  464:  for (i = 0; i < MAX_PLAYERS; i++)
branch  0 never executed
branch  1 never executed
        -:  465:    {
        -:  466:      //set unused player scores to -9999
    #####:  467:      if (i >= state->numPlayers)
branch  0 never executed
branch  1 never executed
        -:  468:	{
    #####:  469:	  players[i] = -9999;
    #####:  470:	}
        -:  471:      else
        -:  472:	{
    #####:  473:	  players[i] = scoreFor (i, state);
        -:  474:	}
    #####:  475:    }
        -:  476:
        -:  477:  //find highest score
    #####:  478:  j = 0;
    #####:  479:  for (i = 0; i < MAX_PLAYERS; i++)
branch  0 never executed
branch  1 never executed
        -:  480:    {
    #####:  481:      if (players[i] > players[j])
branch  0 never executed
branch  1 never executed
        -:  482:	{
    #####:  483:	  j = i;
    #####:  484:	}
    #####:  485:    }
    #####:  486:  highScore = players[j];
        -:  487:
        -:  488:  //add 1 to players who had less turns
    #####:  489:  currentPlayer = whoseTurn(state);
    #####:  490:  for (i = 0; i < MAX_PLAYERS; i++)
branch  0 never executed
branch  1 never executed
        -:  491:    {
    #####:  492:      if ( players[i] == highScore && i > currentPlayer )
branch  0 never executed
branch  1 never executed
branch  2 never executed
branch  3 never executed
        -:  493:	{
    #####:  494:	  players[i]++;
    #####:  495:	}
    #####:  496:    }
        -:  497:
        -:  498:  //find new highest score
    #####:  499:  j = 0;
    #####:  500:  for (i = 0; i < MAX_PLAYERS; i++)
branch  0 never executed
branch  1 never executed
        -:  501:    {
    #####:  502:      if ( players[i] > players[j] )
branch  0 never executed
branch  1 never executed
        -:  503:	{
    #####:  504:	  j = i;
    #####:  505:	}
    #####:  506:    }
    #####:  507:  highScore = players[j];
        -:  508:
        -:  509:  //set winners in array to 1 and rest to 0
    #####:  510:  for (i = 0; i < MAX_PLAYERS; i++)
branch  0 never executed
branch  1 never executed
        -:  511:    {
    #####:  512:      if ( players[i] == highScore )
branch  0 never executed
branch  1 never executed
        -:  513:	{
    #####:  514:	  players[i] = 1;
    #####:  515:	}
        -:  516:      else
        -:  517:	{
    #####:  518:	  players[i] = 0;
        -:  519:	}
    #####:  520:    }
        -:  521:
    #####:  522:  return 0;
        -:  523:}
        -:  524:
function drawCard called 48000 returned 100% blocks executed 41%
        -:  525:int drawCard(int player, struct gameState *state)
        -:  526:{	int count;
        -:  527:  int deckCounter;
    48000:  528:  if (state->deckCount[player] <= 0){//Deck is empty
branch  0 taken 0%
branch  1 taken 100%
        -:  529:    
        -:  530:    //Step 1 Shuffle the discard pile back into a deck
        -:  531:    int i;
        -:  532:    //Move discard to deck
    #####:  533:    for (i = 0; i < state->discardCount[player];i++){
branch  0 never executed
branch  1 never executed
    #####:  534:      state->deck[player][i] = state->discard[player][i];
    #####:  535:      state->discard[player][i] = -1;
    #####:  536:    }
        -:  537:
    #####:  538:    state->deckCount[player] = state->discardCount[player];
    #####:  539:    state->discardCount[player] = 0;//Reset discard
        -:  540:
        -:  541:    //Shufffle the deck
    #####:  542:    shuffle(player, state);//Shuffle the deck up and make it so that we can draw
        -:  543:   
        -:  544:    if (DEBUG){//Debug statements
        -:  545:      printf("Deck count now: %d\n", state->deckCount[player]);
        -:  546:    }
        -:  547:    
    #####:  548:    state->discardCount[player] = 0;
        -:  549:
        -:  550:    //Step 2 Draw Card
    #####:  551:    count = state->handCount[player];//Get current player's hand count
        -:  552:    
        -:  553:    if (DEBUG){//Debug statements
        -:  554:      printf("Current hand count: %d\n", count);
        -:  555:    }
        -:  556:    
    #####:  557:    deckCounter = state->deckCount[player];//Create a holder for the deck count
        -:  558:
    #####:  559:    if (deckCounter == 0)
branch  0 never executed
branch  1 never executed
    #####:  560:      return -1;
        -:  561:
    #####:  562:    state->hand[player][count] = state->deck[player][deckCounter - 1];//Add card to hand
    #####:  563:    state->deckCount[player]--;
    #####:  564:    state->handCount[player]++;//Increment hand count
    #####:  565:  }
        -:  566:
        -:  567:  else{
    48000:  568:    int count = state->handCount[player];//Get current hand count for player
        -:  569:    int deckCounter;
        -:  570:    if (DEBUG){//Debug statements
        -:  571:      printf("Current hand count: %d\n", count);
        -:  572:    }
        -:  573:
    48000:  574:    deckCounter = state->deckCount[player];//Create holder for the deck count
    48000:  575:    state->hand[player][count] = state->deck[player][deckCounter - 1];//Add card to the hand
    48000:  576:    state->deckCount[player]--;
    48000:  577:    state->handCount[player]++;//Increment hand count
        -:  578:  }
        -:  579:
    48000:  580:  return 0;
    48000:  581:}
        -:  582:
function getCost called 0 returned 0% blocks executed 0%
        -:  583:int getCost(int cardNumber)
        -:  584:{
    #####:  585:  switch( cardNumber ) 
branch  0 never executed
branch  1 never executed
branch  2 never executed
branch  3 never executed
branch  4 never executed
branch  5 never executed
branch  6 never executed
branch  7 never executed
branch  8 never executed
branch  9 never executed
branch 10 never executed
branch 11 never executed
branch 12 never executed
branch 13 never executed
branch 14 never executed
branch 15 never executed
branch 16 never executed
branch 17 never executed
branch 18 never executed
branch 19 never executed
branch 20 never executed
branch 21 never executed
branch 22 never executed
branch 23 never executed
branch 24 never executed
branch 25 never executed
branch 26 never executed
branch 27 never executed
        -:  586:    {
        -:  587:    case curse:
    #####:  588:      return 0;
        -:  589:    case estate:
    #####:  590:      return 2;
        -:  591:    case duchy:
    #####:  592:      return 5;
        -:  593:    case province:
    #####:  594:      return 8;
        -:  595:    case copper:
    #####:  596:      return 0;
        -:  597:    case silver:
    #####:  598:      return 3;
        -:  599:    case gold:
    #####:  600:      return 6;
        -:  601:    case adventurer:
    #####:  602:      return 6;
        -:  603:    case council_room:
    #####:  604:      return 5;
        -:  605:    case feast:
    #####:  606:      return 4;
        -:  607:    case gardens:
    #####:  608:      return 4;
        -:  609:    case mine:
    #####:  610:      return 5;
        -:  611:    case remodel:
    #####:  612:      return 4;
        -:  613:    case smithy:
    #####:  614:      return 4;
        -:  615:    case village:
    #####:  616:      return 3;
        -:  617:    case baron:
    #####:  618:      return 4;
        -:  619:    case great_hall:
    #####:  620:      return 3;
        -:  621:    case minion:
    #####:  622:      return 5;
        -:  623:    case steward:
    #####:  624:      return 3;
        -:  625:    case tribute:
    #####:  626:      return 5;
        -:  627:    case ambassador:
    #####:  628:      return 3;
        -:  629:    case cutpurse:
    #####:  630:      return 4;
        -:  631:    case embargo: 
    #####:  632:      return 2;
        -:  633:    case outpost:
    #####:  634:      return 5;
        -:  635:    case salvager:
    #####:  636:      return 4;
        -:  637:    case sea_hag:
    #####:  638:      return 4;
        -:  639:    case treasure_map:
    #####:  640:      return 4;
        -:  641:    }
        -:  642:	
    #####:  643:  return -1;
    #####:  644:}
        -:  645:
function cardEffect called 6000 returned 100% blocks executed 3%
        -:  646:int cardEffect(int card, int choice1, int choice2, int choice3, struct gameState *state, int handPos, int *bonus)
        -:  647:{
        -:  648:  int i;
        -:  649:  int j;
        -:  650:  int k;
        -:  651:  int x;
        -:  652:  int index;
     6000:  653:  int currentPlayer = whoseTurn(state);
     6000:  654:  int nextPlayer = currentPlayer + 1;
        -:  655:
     6000:  656:  int tributeRevealedCards[2] = {-1, -1};
        -:  657:  int temphand[MAX_HAND];// moved above the if statement
        -:  658:  
     6000:  659:  if (nextPlayer > (state->numPlayers - 1)){
branch  0 taken 0%
branch  1 taken 100%
    #####:  660:    nextPlayer = 0;
    #####:  661:  }
        -:  662:  
        -:  663:  
        -:  664:  //uses switch to select card and perform actions
     6000:  665:  switch( card ) 
branch  0 taken 33%
branch  1 taken 0%
branch  2 taken 0%
branch  3 taken 0%
branch  4 taken 0%
branch  5 taken 0%
branch  6 taken 33%
branch  7 taken 33%
branch  8 taken 0%
branch  9 taken 0%
branch 10 taken 0%
branch 11 taken 0%
branch 12 taken 0%
branch 13 taken 0%
branch 14 taken 0%
branch 15 taken 0%
branch 16 taken 0%
branch 17 taken 0%
branch 18 taken 0%
branch 19 taken 0%
branch 20 taken 0%
        -:  666:    {
        -:  667:    case adventurer:
     2000:  668:      return playAdventurer(state, currentPlayer, temphand);
        -:  669:      
        -:  670:    case council_room:
    #####:  671:      return playCouncilRoom(state, currentPlayer, handPos);
        -:  672:      
        -:  673:    case feast:
        -:  674:      //gain card with cost up to 5
        -:  675:      //Backup hand
    #####:  676:      for (i = 0; i <= state->handCount[currentPlayer]; i++){
branch  0 never executed
branch  1 never executed
    #####:  677:  temphand[i] = state->hand[currentPlayer][i];//Backup card
    #####:  678:  state->hand[currentPlayer][i] = -1;//Set to nothing
    #####:  679:      }
        -:  680:      //Backup hand
        -:  681:
        -:  682:      //Update Coins for Buy
    #####:  683:      updateCoins(currentPlayer, state, 5);
    #####:  684:      x = 1;//Condition to loop on
    #####:  685:      while( x == 1) {//Buy one card
branch  0 never executed
branch  1 never executed
    #####:  686:  if (supplyCount(choice1, state) <= 0){
branch  0 never executed
branch  1 never executed
        -:  687:    if (DEBUG)
        -:  688:      printf("None of that card left, sorry!\n");
        -:  689:
        -:  690:    if (DEBUG){
        -:  691:      printf("Cards Left: %d\n", supplyCount(choice1, state));
        -:  692:    }
    #####:  693:  }
    #####:  694:  else if (state->coins < getCost(choice1)){
branch  0 never executed
branch  1 never executed
    #####:  695:    printf("That card is too expensive!\n");
        -:  696:
        -:  697:    if (DEBUG){
        -:  698:      printf("Coins: %d < %d\n", state->coins, getCost(choice1));
        -:  699:    }
    #####:  700:  }
        -:  701:  else{
        -:  702:
        -:  703:    if (DEBUG){
        -:  704:      printf("Deck Count: %d\n", state->handCount[currentPlayer] + state->deckCount[currentPlayer] + state->discardCount[currentPlayer]);
        -:  705:    }
        -:  706:
    #####:  707:    gainCard(choice1, state, 0, currentPlayer);//Gain the card
    #####:  708:    x = 0;//No more buying cards
        -:  709:
        -:  710:    if (DEBUG){
        -:  711:      printf("Deck Count: %d\n", state->handCount[currentPlayer] + state->deckCount[currentPlayer] + state->discardCount[currentPlayer]);
        -:  712:    }
        -:  713:
        -:  714:  }
        -:  715:      }     
        -:  716:
        -:  717:      //Reset Hand
    #####:  718:      for (i = 0; i <= state->handCount[currentPlayer]; i++){
branch  0 never executed
branch  1 never executed
    #####:  719:  state->hand[currentPlayer][i] = temphand[i];
    #####:  720:  temphand[i] = -1;
    #####:  721:      }
        -:  722:      //Reset Hand
        -:  723:            
    #####:  724:      return 0;
        -:  725:      
        -:  726:    case gardens:
    #####:  727:      return -1;
        -:  728:      
        -:  729:    case mine:
    #####:  730:      j = state->hand[currentPlayer][choice1];  //store card we will trash
        -:  731:
    #####:  732:      if (state->hand[currentPlayer][choice1] < copper || state->hand[currentPlayer][choice1] > gold)
branch  0 never executed
branch  1 never executed
branch  2 never executed
branch  3 never executed
        -:  733:  {
    #####:  734:    return -1;
        -:  735:  }
        -:  736:    
    #####:  737:      if (choice2 > treasure_map || choice2 < curse)
branch  0 never executed
branch  1 never executed
branch  2 never executed
branch  3 never executed
        -:  738:  {
    #####:  739:    return -1;
        -:  740:  }
        -:  741:
    #####:  742:      if ( (getCost(state->hand[currentPlayer][choice1]) + 3) > getCost(choice2) )
branch  0 never executed
branch  1 never executed
        -:  743:  {
    #####:  744:    return -1;
        -:  745:  }
        -:  746:
    #####:  747:      gainCard(choice2, state, 2, currentPlayer);
        -:  748:
        -:  749:      //discard card from hand
    #####:  750:      discardCard(handPos, currentPlayer, state, 0);
        -:  751:
        -:  752:      //discard trashed card
    #####:  753:      for (i = 0; i < state->handCount[currentPlayer]; i++)
branch  0 never executed
branch  1 never executed
        -:  754:  {
    #####:  755:    if (state->hand[currentPlayer][i] == j)
branch  0 never executed
branch  1 never executed
        -:  756:      {
    #####:  757:        discardCard(i, currentPlayer, state, 0);      
    #####:  758:        break;
        -:  759:      }
    #####:  760:  }
        -:  761:      
    #####:  762:      return 0;
        -:  763:      
        -:  764:    case remodel:
    #####:  765:      return playRemodel(state, currentPlayer, choice1, choice2, handPos);
        -:  766:    
        -:  767:    case smithy:
     2000:  768:      return playSmithy(state, currentPlayer, handPos);
        -:  769:
        -:  770:    
        -:  771:    case village:
     2000:  772:      return playVillage(state, currentPlayer, handPos);
        -:  773:    
        -:  774:    case baron:
    #####:  775:      state->numBuys++;//Increase buys by 1!
    #####:  776:      if (choice1 > 0){//Boolean true or going to discard an estate
branch  0 never executed
branch  1 never executed
    #####:  777:  int p = 0;//Iterator for hand!
    #####:  778:  int card_not_discarded = 1;//Flag for discard set!
    #####:  779:  while(card_not_discarded){
branch  0 never executed
branch  1 never executed
    #####:  780:    if (state->hand[currentPlayer][p] == estate){//Found an estate card!
branch  0 never executed
branch  1 never executed
    #####:  781:      state->coins += 4;//Add 4 coins to the amount of coins
    #####:  782:      state->discard[currentPlayer][state->discardCount[currentPlayer]] = state->hand[currentPlayer][p];
    #####:  783:      state->discardCount[currentPlayer]++;
    #####:  784:      for (;p < state->handCount[currentPlayer]; p++){
branch  0 never executed
branch  1 never executed
    #####:  785:        state->hand[currentPlayer][p] = state->hand[currentPlayer][p+1];
    #####:  786:      }
    #####:  787:      state->hand[currentPlayer][state->handCount[currentPlayer]] = -1;
    #####:  788:      state->handCount[currentPlayer]--;
    #####:  789:      card_not_discarded = 0;//Exit the loop
    #####:  790:    }
    #####:  791:    else if (p > state->handCount[currentPlayer]){
branch  0 never executed
branch  1 never executed
        -:  792:      if(DEBUG) {
        -:  793:        printf("No estate cards in your hand, invalid choice\n");
        -:  794:        printf("Must gain an estate if there are any\n");
        -:  795:      }
    #####:  796:      if (supplyCount(estate, state) > 0){
branch  0 never executed
branch  1 never executed
    #####:  797:        gainCard(estate, state, 0, currentPlayer);
    #####:  798:        state->supplyCount[estate]--;//Decrement estates
    #####:  799:        if (supplyCount(estate, state) == 0){
branch  0 never executed
branch  1 never executed
    #####:  800:    isGameOver(state);
    #####:  801:        }
    #####:  802:      }
    #####:  803:      card_not_discarded = 0;//Exit the loop
    #####:  804:    }
        -:  805:          
        -:  806:    else{
    #####:  807:      p++;//Next card
        -:  808:    }
        -:  809:  }
    #####:  810:      }
        -:  811:          
        -:  812:      else{
    #####:  813:  if (supplyCount(estate, state) > 0){
branch  0 never executed
branch  1 never executed
    #####:  814:    gainCard(estate, state, 0, currentPlayer);//Gain an estate
    #####:  815:    state->supplyCount[estate]--;//Decrement Estates
    #####:  816:    if (supplyCount(estate, state) == 0){
branch  0 never executed
branch  1 never executed
    #####:  817:      isGameOver(state);
    #####:  818:    }
    #####:  819:  }
        -:  820:      }
        -:  821:      
        -:  822:      
    #####:  823:      return 0;
        -:  824:    
        -:  825:    case great_hall:
        -:  826:      //+1 Card
    #####:  827:      drawCard(currentPlayer, state);
        -:  828:      
        -:  829:      //+1 Actions
    #####:  830:      state->numActions++;
        -:  831:      
        -:  832:      //discard card from hand
    #####:  833:      discardCard(handPos, currentPlayer, state, 0);
    #####:  834:      return 0;
        -:  835:    
        -:  836:    case minion:
        -:  837:      //+1 action
    #####:  838:      state->numActions++;
        -:  839:      
        -:  840:      //discard card from hand
    #####:  841:      discardCard(handPos, currentPlayer, state, 0);
        -:  842:      
    #####:  843:      if (choice1)    //+2 coins
branch  0 never executed
branch  1 never executed
        -:  844:  {
    #####:  845:    state->coins = state->coins + 2;
    #####:  846:  }
        -:  847:      
    #####:  848:      else if (choice2)   //discard hand, redraw 4, other players with 5+ cards discard hand and draw 4
branch  0 never executed
branch  1 never executed
        -:  849:  {
        -:  850:    //discard hand
    #####:  851:    while(numHandCards(state) > 0)
branch  0 never executed
branch  1 never executed
        -:  852:      {
    #####:  853:        discardCard(handPos, currentPlayer, state, 0);
        -:  854:      }
        -:  855:        
        -:  856:    //draw 4
    #####:  857:    for (i = 0; i < 4; i++)
branch  0 never executed
branch  1 never executed
        -:  858:      {
    #####:  859:        drawCard(currentPlayer, state);
    #####:  860:      }
        -:  861:        
        -:  862:    //other players discard hand and redraw if hand size > 4
    #####:  863:    for (i = 0; i < state->numPlayers; i++)
branch  0 never executed
branch  1 never executed
        -:  864:      {
    #####:  865:        if (i != currentPlayer)
branch  0 never executed
branch  1 never executed
        -:  866:    {
    #####:  867:      if ( state->handCount[i] > 4 )
branch  0 never executed
branch  1 never executed
        -:  868:        {
        -:  869:          //discard hand
    #####:  870:          while( state->handCount[i] > 0 )
branch  0 never executed
branch  1 never executed
        -:  871:      {
    #####:  872:        discardCard(handPos, i, state, 0);
        -:  873:      }
        -:  874:              
        -:  875:          //draw 4
    #####:  876:          for (j = 0; j < 4; j++)
branch  0 never executed
branch  1 never executed
        -:  877:      {
    #####:  878:        drawCard(i, state);
    #####:  879:      }
    #####:  880:        }
    #####:  881:    }
    #####:  882:      }
        -:  883:        
    #####:  884:  }
    #####:  885:      return 0;
        -:  886:    
        -:  887:    case steward:
    #####:  888:      if (choice1 == 1)
branch  0 never executed
branch  1 never executed
        -:  889:  {
        -:  890:    //+2 cards
    #####:  891:    drawCard(currentPlayer, state);
    #####:  892:    drawCard(currentPlayer, state);
    #####:  893:  }
    #####:  894:      else if (choice1 == 2)
branch  0 never executed
branch  1 never executed
        -:  895:  {
        -:  896:    //+2 coins
    #####:  897:    state->coins = state->coins + 2;
    #####:  898:  }
        -:  899:      else
        -:  900:  {
        -:  901:    //trash 2 cards in hand
    #####:  902:    discardCard(choice2, currentPlayer, state, 1);
    #####:  903:    discardCard(choice3, currentPlayer, state, 1);
        -:  904:  }
        -:  905:      
        -:  906:      //discard card from hand
    #####:  907:      discardCard(handPos, currentPlayer, state, 0);
    #####:  908:      return 0;
        -:  909:    
        -:  910:    case tribute:
    #####:  911:      if ((state->discardCount[nextPlayer] + state->deckCount[nextPlayer]) <= 1){
branch  0 never executed
branch  1 never executed
    #####:  912:  if (state->deckCount[nextPlayer] > 0){
branch  0 never executed
branch  1 never executed
    #####:  913:    tributeRevealedCards[0] = state->deck[nextPlayer][state->deckCount[nextPlayer]-1];
    #####:  914:    state->deckCount[nextPlayer]--;
    #####:  915:  }
    #####:  916:  else if (state->discardCount[nextPlayer] > 0){
branch  0 never executed
branch  1 never executed
    #####:  917:    tributeRevealedCards[0] = state->discard[nextPlayer][state->discardCount[nextPlayer]-1];
    #####:  918:    state->discardCount[nextPlayer]--;
    #####:  919:  }
        -:  920:  else{
        -:  921:    //No Card to Reveal
        -:  922:    if (DEBUG){
        -:  923:      printf("No cards to reveal\n");
        -:  924:    }
        -:  925:  }
    #####:  926:      }
        -:  927:      
        -:  928:      else{
    #####:  929:  if (state->deckCount[nextPlayer] == 0){
branch  0 never executed
branch  1 never executed
    #####:  930:    for (i = 0; i < state->discardCount[nextPlayer]; i++){
branch  0 never executed
branch  1 never executed
    #####:  931:      state->deck[nextPlayer][i] = state->discard[nextPlayer][i];//Move to deck
    #####:  932:      state->deckCount[nextPlayer]++;
    #####:  933:      state->discard[nextPlayer][i] = -1;
    #####:  934:      state->discardCount[nextPlayer]--;
    #####:  935:    }
        -:  936:          
    #####:  937:    shuffle(nextPlayer,state);//Shuffle the deck
    #####:  938:  } 
    #####:  939:  tributeRevealedCards[0] = state->deck[nextPlayer][state->deckCount[nextPlayer]-1];
    #####:  940:  state->deck[nextPlayer][state->deckCount[nextPlayer]--] = -1;
    #####:  941:  state->deckCount[nextPlayer]--;
    #####:  942:  tributeRevealedCards[1] = state->deck[nextPlayer][state->deckCount[nextPlayer]-1];
    #####:  943:  state->deck[nextPlayer][state->deckCount[nextPlayer]--] = -1;
    #####:  944:  state->deckCount[nextPlayer]--;
        -:  945:      }    
        -:  946:           
    #####:  947:      if (tributeRevealedCards[0] == tributeRevealedCards[1]){//If we have a duplicate card, just drop one 
branch  0 never executed
branch  1 never executed
    #####:  948:  state->playedCards[state->playedCardCount] = tributeRevealedCards[1];
    #####:  949:  state->playedCardCount++;
    #####:  950:  tributeRevealedCards[1] = -1;
    #####:  951:      }
        -:  952:
    #####:  953:      for (i = 0; i <= 2; i ++){
branch  0 never executed
branch  1 never executed
    #####:  954:  if (tributeRevealedCards[i] == copper || tributeRevealedCards[i] == silver || tributeRevealedCards[i] == gold){//Treasure cards
branch  0 never executed
branch  1 never executed
branch  2 never executed
branch  3 never executed
branch  4 never executed
branch  5 never executed
    #####:  955:    state->coins += 2;
    #####:  956:  }
        -:  957:        
    #####:  958:  else if (tributeRevealedCards[i] == estate || tributeRevealedCards[i] == duchy || tributeRevealedCards[i] == province || tributeRevealedCards[i] == gardens || tributeRevealedCards[i] == great_hall){//Victory Card Found
branch  0 never executed
branch  1 never executed
branch  2 never executed
branch  3 never executed
branch  4 never executed
branch  5 never executed
branch  6 never executed
branch  7 never executed
branch  8 never executed
branch  9 never executed
    #####:  959:    drawCard(currentPlayer, state);
    #####:  960:    drawCard(currentPlayer, state);
    #####:  961:  }
        -:  962:  else{//Action Card
    #####:  963:    state->numActions = state->numActions + 2;
        -:  964:  }
    #####:  965:      }
        -:  966:      
    #####:  967:      return 0;
        -:  968:    
        -:  969:    case ambassador:
    #####:  970:      j = 0;    //used to check if player has enough cards to discard
        -:  971:
    #####:  972:      if (choice2 > 2 || choice2 < 0)
branch  0 never executed
branch  1 never executed
branch  2 never executed
branch  3 never executed
        -:  973:  {
    #####:  974:    return -1;        
        -:  975:  }
        -:  976:
    #####:  977:      if (choice1 == handPos)
branch  0 never executed
branch  1 never executed
        -:  978:  {
    #####:  979:    return -1;
        -:  980:  }
        -:  981:
    #####:  982:      for (i = 0; i < state->handCount[currentPlayer]; i++)
branch  0 never executed
branch  1 never executed
        -:  983:  {
    #####:  984:    if (i != handPos && i == state->hand[currentPlayer][choice1] && i != choice1)
branch  0 never executed
branch  1 never executed
branch  2 never executed
branch  3 never executed
branch  4 never executed
branch  5 never executed
        -:  985:      {
    #####:  986:        j++;
    #####:  987:      }
    #####:  988:  }
    #####:  989:      if (j < choice2)
branch  0 never executed
branch  1 never executed
        -:  990:  {
    #####:  991:    return -1;        
        -:  992:  }
        -:  993:
        -:  994:      if (DEBUG) 
        -:  995:  printf("Player %d reveals card number: %d\n", currentPlayer, state->hand[currentPlayer][choice1]);
        -:  996:
        -:  997:      //increase supply count for choosen card by amount being discarded
    #####:  998:      state->supplyCount[state->hand[currentPlayer][choice1]] += choice2;
        -:  999:      
        -: 1000:      //each other player gains a copy of revealed card
    #####: 1001:      for (i = 0; i < state->numPlayers; i++)
branch  0 never executed
branch  1 never executed
        -: 1002:  {
    #####: 1003:    if (i != currentPlayer)
branch  0 never executed
branch  1 never executed
        -: 1004:      {
    #####: 1005:        gainCard(state->hand[currentPlayer][choice1], state, 0, i);
    #####: 1006:      }
    #####: 1007:  }
        -: 1008:
        -: 1009:      //discard played card from hand
    #####: 1010:      discardCard(handPos, currentPlayer, state, 0);      
        -: 1011:
        -: 1012:      //trash copies of cards returned to supply
    #####: 1013:      for (j = 0; j < choice2; j++)
branch  0 never executed
branch  1 never executed
        -: 1014:  {
    #####: 1015:    for (i = 0; i < state->handCount[currentPlayer]; i++)
branch  0 never executed
branch  1 never executed
        -: 1016:      {
    #####: 1017:        if (state->hand[currentPlayer][i] == state->hand[currentPlayer][choice1])
branch  0 never executed
branch  1 never executed
        -: 1018:    {
    #####: 1019:      discardCard(i, currentPlayer, state, 1);
    #####: 1020:      break;
        -: 1021:    }
    #####: 1022:      }
    #####: 1023:  }     
        -: 1024:
    #####: 1025:      return 0;
        -: 1026:    
        -: 1027:    case cutpurse:
        -: 1028:
    #####: 1029:      updateCoins(currentPlayer, state, 2);
    #####: 1030:      for (i = 0; i < state->numPlayers; i++)
branch  0 never executed
branch  1 never executed
        -: 1031:  {
    #####: 1032:    if (i != currentPlayer)
branch  0 never executed
branch  1 never executed
        -: 1033:      {
    #####: 1034:        for (j = 0; j < state->handCount[i]; j++)
branch  0 never executed
branch  1 never executed
        -: 1035:    {
    #####: 1036:      if (state->hand[i][j] == copper)
branch  0 never executed
branch  1 never executed
        -: 1037:        {
    #####: 1038:          discardCard(j, i, state, 0);
    #####: 1039:          break;
        -: 1040:        }
    #####: 1041:      if (j == state->handCount[i])
branch  0 never executed
branch  1 never executed
        -: 1042:        {
    #####: 1043:          for (k = 0; k < state->handCount[i]; k++)
branch  0 never executed
branch  1 never executed
        -: 1044:      {
        -: 1045:        if (DEBUG)
        -: 1046:          printf("Player %d reveals card number %d\n", i, state->hand[i][k]);
    #####: 1047:      } 
    #####: 1048:          break;
        -: 1049:        }   
    #####: 1050:    }
        -: 1051:          
    #####: 1052:      }
        -: 1053:        
    #####: 1054:  }       
        -: 1055:
        -: 1056:      //discard played card from hand
    #####: 1057:      discardCard(handPos, currentPlayer, state, 0);      
        -: 1058:
    #####: 1059:      return 0;
        -: 1060:
        -: 1061:    
        -: 1062:    case embargo: 
        -: 1063:      //+2 Coins
    #####: 1064:      state->coins = state->coins + 2;
        -: 1065:      
        -: 1066:      //see if selected pile is in play
    #####: 1067:      if ( state->supplyCount[choice1] == -1 )
branch  0 never executed
branch  1 never executed
        -: 1068:  {
    #####: 1069:    return -1;
        -: 1070:  }
        -: 1071:      
        -: 1072:      //add embargo token to selected supply pile
    #####: 1073:      state->embargoTokens[choice1]++;
        -: 1074:      
        -: 1075:      //trash card
    #####: 1076:      discardCard(handPos, currentPlayer, state, 1);    
    #####: 1077:      return 0;
        -: 1078:    
        -: 1079:    case outpost:
        -: 1080:      //set outpost flag
    #####: 1081:      state->outpostPlayed++;
        -: 1082:      
        -: 1083:      //discard card
    #####: 1084:      discardCard(handPos, currentPlayer, state, 0);
    #####: 1085:      return 0;
        -: 1086:    
        -: 1087:    case salvager:
        -: 1088:      //+1 buy
    #####: 1089:      state->numBuys++;
        -: 1090:      
    #####: 1091:      if (choice1)
branch  0 never executed
branch  1 never executed
        -: 1092:  {
        -: 1093:    //gain coins equal to trashed card
    #####: 1094:    state->coins = state->coins + getCost( handCard(choice1, state) );
        -: 1095:    //trash card
    #####: 1096:    discardCard(choice1, currentPlayer, state, 1);  
    #####: 1097:  }
        -: 1098:      
        -: 1099:      //discard card
    #####: 1100:      discardCard(handPos, currentPlayer, state, 0);
    #####: 1101:      return 0;
        -: 1102:    
        -: 1103:    case sea_hag:
    #####: 1104:      for (i = 0; i < state->numPlayers; i++){
branch  0 never executed
branch  1 never executed
    #####: 1105:  if (i != currentPlayer){
branch  0 never executed
branch  1 never executed
    #####: 1106:    state->discard[i][state->discardCount[i]] = state->deck[i][state->deckCount[i]--];          state->deckCount[i]--;
    #####: 1107:    state->discardCount[i]++;
    #####: 1108:    state->deck[i][state->deckCount[i]--] = curse;//Top card now a curse
    #####: 1109:  }
    #####: 1110:      }
    #####: 1111:      return 0;
        -: 1112:    
        -: 1113:    case treasure_map:
        -: 1114:      //search hand for another treasure_map
    #####: 1115:      index = -1;
    #####: 1116:      for (i = 0; i < state->handCount[currentPlayer]; i++)
branch  0 never executed
branch  1 never executed
        -: 1117:  {
    #####: 1118:    if (state->hand[currentPlayer][i] == treasure_map && i != handPos)
branch  0 never executed
branch  1 never executed
branch  2 never executed
branch  3 never executed
        -: 1119:      {
    #####: 1120:        index = i;
    #####: 1121:        break;
        -: 1122:      }
    #####: 1123:  }
    #####: 1124:      if (index > -1)
branch  0 never executed
branch  1 never executed
        -: 1125:  {
        -: 1126:    //trash both treasure cards
    #####: 1127:    discardCard(handPos, currentPlayer, state, 1);
    #####: 1128:    discardCard(index, currentPlayer, state, 1);
        -: 1129:
        -: 1130:    //gain 4 Gold cards
    #####: 1131:    for (i = 0; i < 4; i++)
branch  0 never executed
branch  1 never executed
        -: 1132:      {
    #####: 1133:        gainCard(gold, state, 1, currentPlayer);
    #####: 1134:      }
        -: 1135:        
        -: 1136:    //return success
    #####: 1137:    return 1;
        -: 1138:  }
        -: 1139:      
        -: 1140:      //no second treasure_map found in hand
    #####: 1141:      return -1;
        -: 1142:    }
        -: 1143:  
    #####: 1144:  return -1;
     6000: 1145:}
function discardCard called 4000 returned 100% blocks executed 80%
        -: 1146:int discardCard(int handPos, int currentPlayer, struct gameState *state, int trashFlag)
        -: 1147:{
        -: 1148:	
        -: 1149:  //if card is not trashed, added to Played pile 
     4000: 1150:  if (trashFlag < 1)
branch  0 taken 50%
branch  1 taken 50%
        -: 1151:    {
        -: 1152:      //add card to played pile
     2000: 1153:      state->playedCards[state->playedCardCount] = state->hand[currentPlayer][handPos]; 
     2000: 1154:      state->playedCardCount++;
     2000: 1155:    }
        -: 1156:	
        -: 1157:  //set played card to -1
     4000: 1158:  state->hand[currentPlayer][handPos] = -1;
        -: 1159:	
        -: 1160:  //remove card from player's hand
     4000: 1161:  if ( handPos == (state->handCount[currentPlayer] - 1) ) 	//last card in hand array is played
branch  0 taken 0%
branch  1 taken 100%
        -: 1162:    {
        -: 1163:      //reduce number of cards in hand
    #####: 1164:      state->handCount[currentPlayer]--;
    #####: 1165:    }
     4000: 1166:  else if ( state->handCount[currentPlayer] == 1 ) //only one card in hand
branch  0 taken 0%
branch  1 taken 100%
        -: 1167:    {
        -: 1168:      //reduce number of cards in hand
    #####: 1169:      state->handCount[currentPlayer]--;
    #####: 1170:    }
        -: 1171:  else 	
        -: 1172:    {
        -: 1173:      //replace discarded card with last card in hand
     4000: 1174:      state->hand[currentPlayer][handPos] = state->hand[currentPlayer][ (state->handCount[currentPlayer] - 1)];
        -: 1175:      //set last card to -1
     4000: 1176:      state->hand[currentPlayer][state->handCount[currentPlayer] - 1] = -1;
        -: 1177:      //reduce number of cards in hand
     4000: 1178:      state->handCount[currentPlayer]--;
        -: 1179:    }
        -: 1180:	
     4000: 1181:  return 0;
        -: 1182:}
        -: 1183:
function gainCard called 0 returned 0% blocks executed 0%
        -: 1184:int gainCard(int supplyPos, struct gameState *state, int toFlag, int player)
        -: 1185:{
        -: 1186:  //Note: supplyPos is enum of choosen card
        -: 1187:	
        -: 1188:  //check if supply pile is empty (0) or card is not used in game (-1)
    #####: 1189:  if ( supplyCount(supplyPos, state) < 1 )
branch  0 never executed
branch  1 never executed
        -: 1190:    {
    #####: 1191:      return -1;
        -: 1192:    }
        -: 1193:	
        -: 1194:  //added card for [whoseTurn] current player:
        -: 1195:  // toFlag = 0 : add to discard
        -: 1196:  // toFlag = 1 : add to deck
        -: 1197:  // toFlag = 2 : add to hand
        -: 1198:
    #####: 1199:  if (toFlag == 1)
branch  0 never executed
branch  1 never executed
        -: 1200:    {
    #####: 1201:      state->deck[ player ][ state->deckCount[player] ] = supplyPos;
    #####: 1202:      state->deckCount[player]++;
    #####: 1203:    }
    #####: 1204:  else if (toFlag == 2)
branch  0 never executed
branch  1 never executed
        -: 1205:    {
    #####: 1206:      state->hand[ player ][ state->handCount[player] ] = supplyPos;
    #####: 1207:      state->handCount[player]++;
    #####: 1208:    }
        -: 1209:  else
        -: 1210:    {
    #####: 1211:      state->discard[player][ state->discardCount[player] ] = supplyPos;
    #####: 1212:      state->discardCount[player]++;
        -: 1213:    }
        -: 1214:	
        -: 1215:  //decrease number in supply pile
    #####: 1216:  state->supplyCount[supplyPos]--;
        -: 1217:	 
    #####: 1218:  return 0;
    #####: 1219:}
        -: 1220:
function updateCoins called 6000 returned 100% blocks executed 85%
        -: 1221:int updateCoins(int player, struct gameState *state, int bonus)
        -: 1222:{
        -: 1223:  int i;
        -: 1224:	
        -: 1225:  //reset coin count
     6000: 1226:  state->coins = 0;
        -: 1227:
        -: 1228:  //add coins for each Treasure card in player's hand
    72000: 1229:  for (i = 0; i < state->handCount[player]; i++)
branch  0 taken 83%
branch  1 taken 17%
        -: 1230:    {
    30000: 1231:      if (state->hand[player][i] == copper)
branch  0 taken 80%
branch  1 taken 20%
        -: 1232:	{
    24000: 1233:	  state->coins += 1;
    24000: 1234:	}
     6000: 1235:      else if (state->hand[player][i] == silver)
branch  0 taken 0%
branch  1 taken 100%
        -: 1236:	{
    #####: 1237:	  state->coins += 2;
    #####: 1238:	}
     6000: 1239:      else if (state->hand[player][i] == gold)
branch  0 taken 0%
branch  1 taken 100%
        -: 1240:	{
    #####: 1241:	  state->coins += 3;
    #####: 1242:	}	
    30000: 1243:    }	
        -: 1244:
        -: 1245:  //add bonus
     6000: 1246:  state->coins += bonus;
        -: 1247:
     6000: 1248:  return 0;
        -: 1249:}
        -: 1250:  
function playAdventurer called 2000 returned 100% blocks executed 92%
        -: 1251:int playAdventurer(struct gameState* state, int currentPlayer, int temphand[])
        -: 1252:{
     2000: 1253:  int drawntreasure=0;
        -: 1254:  int cardDrawn;
     2000: 1255:  int z = 0;// this is the counter for the temp hand
        -: 1256:
    20000: 1257:  while(drawntreasure < 2) 
branch  0 taken 80%
branch  1 taken 20%
        -: 1258:  {
     8000: 1259:    if (state->deckCount[currentPlayer] < 1)//if the deck is empty we need to shuffle discard and add to deck
branch  0 taken 0%
branch  1 taken 100%
    #####: 1260:      shuffle(currentPlayer, state);
        -: 1261:
     8000: 1262:  drawCard(currentPlayer, state);
     8000: 1263:  cardDrawn = state->hand[currentPlayer][state->handCount[currentPlayer]-1];//top card of hand is most recently drawn card.
        -: 1264:  
    14000: 1265:    if (cardDrawn == copper || cardDrawn == silver)
branch  0 taken 75%
branch  1 taken 25%
branch  2 taken 33%
branch  3 taken 67%
     4000: 1266:      drawntreasure++;
        -: 1267:    else
        -: 1268:    {
     4000: 1269:      temphand[z]=cardDrawn;
     4000: 1270:      state->handCount[currentPlayer]--; //this should just remove the top card (the most recently drawn one).
     4000: 1271:      z++;
        -: 1272:    }
        -: 1273:
        -: 1274:  }
    12000: 1275:  while(z-1 >= 0)
branch  0 taken 67%
branch  1 taken 33%
        -: 1276:  {
     4000: 1277:    state->discard[currentPlayer][state->discardCount[currentPlayer]++]=temphand[z-1]; // discard all cards in play that have been drawn
     4000: 1278:    z=z-1;
        -: 1279:  }
     2000: 1280:  return 0;
        -: 1281:}
        -: 1282:
function playSmithy called 2000 returned 100% blocks executed 100%
        -: 1283:int playSmithy(struct gameState* state, int currentPlayer, int handPos)
        -: 1284:{
        -: 1285:
        -: 1286:  int i;
        -: 1287:  //+3 Cards
    20000: 1288:  for (i = 0; i < 4; i++)
branch  0 taken 80%
branch  1 taken 20%
     8000: 1289:    drawCard(currentPlayer, state);
        -: 1290:  
        -: 1291:  //discard card from hand
     2000: 1292:  discardCard(handPos, currentPlayer, state, 0);
        -: 1293:  
     2000: 1294:  return 0;
        -: 1295:}
        -: 1296:
function playRemodel called 0 returned 0% blocks executed 0%
        -: 1297:int playRemodel(struct gameState* state, int currentPlayer, int choice1, int choice2, int handPos)
        -: 1298:{
    #####: 1299:  int j = state->hand[currentPlayer][choice1];  //store card we will trash
        -: 1300:
    #####: 1301:      if ( (getCost(state->hand[currentPlayer][choice1]) + 2) > getCost(choice2) )
branch  0 never executed
branch  1 never executed
        -: 1302:  {
    #####: 1303:    return -1;
        -: 1304:  }
        -: 1305:
    #####: 1306:      gainCard(choice2, state, 0, currentPlayer);
        -: 1307:
        -: 1308:      //discard card from hand
    #####: 1309:      discardCard(handPos, currentPlayer, state, 0);
        -: 1310:
        -: 1311:      //discard trashed card
        -: 1312:      int i;
    #####: 1313:      for (i = 0; i < state->handCount[currentPlayer]; i++)
branch  0 never executed
branch  1 never executed
        -: 1314:  {
    #####: 1315:    if (state->hand[currentPlayer][i] == j)
branch  0 never executed
branch  1 never executed
        -: 1316:      {
    #####: 1317:        discardCard(i, currentPlayer, state, 1);      
    #####: 1318:        break;
        -: 1319:      }
    #####: 1320:  }
        -: 1321:
        -: 1322:
    #####: 1323:      return 0;
    #####: 1324:}
        -: 1325:
function playVillage called 2000 returned 100% blocks executed 100%
        -: 1326:int playVillage(struct gameState* state, int currentPlayer, int handPos)
        -: 1327:{
        -: 1328:  //+1 Card
     2000: 1329:  drawCard(currentPlayer, state);
        -: 1330:      
        -: 1331:  //+2 Actions
     2000: 1332:  state->numActions = state->numActions + 2;
        -: 1333:      
        -: 1334:  //discard played card from hand
     2000: 1335:  discardCard(handPos, currentPlayer, state, 1);
        -: 1336:  
     2000: 1337:  return 0;
        -: 1338:}
        -: 1339:
function playCouncilRoom called 0 returned 0% blocks executed 0%
        -: 1340:int playCouncilRoom(struct gameState* state, int currentPlayer, int handPos)
        -: 1341:{
        -: 1342:  int i;
        -: 1343:  //+4 Cards
    #####: 1344:      for (i = 0; i < 4; i++)
branch  0 never executed
branch  1 never executed
        -: 1345:  {
    #####: 1346:    drawCard(currentPlayer, state);
    #####: 1347:  }
        -: 1348:      
        -: 1349:      //+1 Buy
    #####: 1350:      state->numBuys++;
        -: 1351:      
        -: 1352:      //Each other player draws a card
    #####: 1353:      for (i = 0; i < state->numPlayers; i++)
branch  0 never executed
branch  1 never executed
        -: 1354:  {
    #####: 1355:    if ( i != currentPlayer )
branch  0 never executed
branch  1 never executed
        -: 1356:      {
    #####: 1357:        drawCard(i, state);
    #####: 1358:      }
    #####: 1359:  }
        -: 1360:      
        -: 1361:      //put played card in played card pile
    #####: 1362:      discardCard(handPos, currentPlayer, state, 1);
        -: 1363:      
    #####: 1364:      return 0;
        -: 1365:}
        -: 1366://end of dominion.c
        -: 1367:
